⚡ ~ setup.sh
Requirement already satisfied: gradio in /system/conda/miniconda3/envs/cloudspace/lib/python3.10/site-packages (5.36.2)
Requirement already satisfied: streamlit in /system/conda/miniconda3/envs/cloudspace/lib/python3.10/site-packages (1.46.1)
Requirement already satisfied: aiofiles<25.0,>=22.0 in /system/conda/miniconda3/envs/cloudspace/lib/python3.10/site-packages (from gradio) (24.1.0)
Requirement already satisfied: anyio<5.0,>=3.0 in /system/conda/miniconda3/envs/cloudspace/lib/python3.10/site-packages (from gradio) (4.9.0)
Requirement already satisfied: brotli>=1.1.0 in /system/conda/miniconda3/envs/cloudspace/lib/python3.10/site-packages (from gradio) (1.1.0)
Requirement already satisfied: fastapi<1.0,>=0.115.2 in /system/conda/miniconda3/envs/cloudspace/lib/python3.10/site-packages (from gradio) (0.115.13)
Requirement already satisfied: ffmpy in /system/conda/miniconda3/envs/cloudspace/lib/python3.10/site-packages (from gradio) (0.6.0)
Requirement already satisfied: gradio-client==1.10.4 in /system/conda/miniconda3/envs/cloudspace/lib/python3.10/site-packages (from gradio) (1.10.4)
Requirement already satisfied: groovy~=0.1 in /system/conda/miniconda3/envs/cloudspace/lib/python3.10/site-packages (from gradio) (0.1.2)
Requirement already satisfied: httpx<1.0,>=0.24.1 in /system/conda/miniconda3/envs/cloudspace/lib/python3.10/site-packages (from gradio) (0.28.1)
Requirement already satisfied: huggingface-hub>=0.28.1 in /system/conda/miniconda3/envs/cloudspace/lib/python3.10/site-packages (from gradio) (0.33.3)
Requirement already satisfied: jinja2<4.0 in /system/conda/miniconda3/envs/cloudspace/lib/python3.10/site-packages (from gradio) (3.1.6)
Requirement already satisfied: markupsafe<4.0,>=2.0 in /system/conda/miniconda3/envs/cloudspace/lib/python3.10/site-packages (from gradio) (3.0.2)
Requirement already satisfied: numpy<3.0,>=1.0 in /system/conda/miniconda3/envs/cloudspace/lib/python3.10/site-packages (from gradio) (1.26.4)
Requirement already satisfied: orjson~=3.0 in /system/conda/miniconda3/envs/cloudspace/lib/python3.10/site-packages (from gradio) (3.10.18)
Requirement already satisfied: packaging in /system/conda/miniconda3/envs/cloudspace/lib/python3.10/site-packages (from gradio) (25.0)
Requirement already satisfied: pandas<3.0,>=1.0 in /system/conda/miniconda3/envs/cloudspace/lib/python3.10/site-packages (from gradio) (2.1.4)
Requirement already satisfied: pillow<12.0,>=8.0 in /system/conda/miniconda3/envs/cloudspace/lib/python3.10/site-packages (from gradio) (11.2.1)
Requirement already satisfied: pydantic<2.12,>=2.0 in /system/conda/miniconda3/envs/cloudspace/lib/python3.10/site-packages (from gradio) (2.11.7)
Requirement already satisfied: pydub in /system/conda/miniconda3/envs/cloudspace/lib/python3.10/site-packages (from gradio) (0.25.1)
Requirement already satisfied: python-multipart>=0.0.18 in /system/conda/miniconda3/envs/cloudspace/lib/python3.10/site-packages (from gradio) (0.0.20)
Requirement already satisfied: pyyaml<7.0,>=5.0 in /system/conda/miniconda3/envs/cloudspace/lib/python3.10/site-packages (from gradio) (6.0.2)
Requirement already satisfied: ruff>=0.9.3 in /system/conda/miniconda3/envs/cloudspace/lib/python3.10/site-packages (from gradio) (0.12.2)
Requirement already satisfied: safehttpx<0.2.0,>=0.1.6 in /system/conda/miniconda3/envs/cloudspace/lib/python3.10/site-packages (from gradio) (0.1.6)
Requirement already satisfied: semantic-version~=2.0 in /system/conda/miniconda3/envs/cloudspace/lib/python3.10/site-packages (from gradio) (2.10.0)
Requirement already satisfied: starlette<1.0,>=0.40.0 in /system/conda/miniconda3/envs/cloudspace/lib/python3.10/site-packages (from gradio) (0.46.2)
Requirement already satisfied: tomlkit<0.14.0,>=0.12.0 in /system/conda/miniconda3/envs/cloudspace/lib/python3.10/site-packages (from gradio) (0.13.3)
Requirement already satisfied: typer<1.0,>=0.12 in /system/conda/miniconda3/envs/cloudspace/lib/python3.10/site-packages (from gradio) (0.16.0)
Requirement already satisfied: typing-extensions~=4.0 in /system/conda/miniconda3/envs/cloudspace/lib/python3.10/site-packages (from gradio) (4.14.0)
Requirement already satisfied: uvicorn>=0.14.0 in /system/conda/miniconda3/envs/cloudspace/lib/python3.10/site-packages (from gradio) (0.34.3)
Requirement already satisfied: fsspec in /system/conda/miniconda3/envs/cloudspace/lib/python3.10/site-packages (from gradio-client==1.10.4->gradio) (2025.5.1)
Requirement already satisfied: websockets<16.0,>=10.0 in /system/conda/miniconda3/envs/cloudspace/lib/python3.10/site-packages (from gradio-client==1.10.4->gradio) (15.0.1)
Requirement already satisfied: exceptiongroup>=1.0.2 in /system/conda/miniconda3/envs/cloudspace/lib/python3.10/site-packages (from anyio<5.0,>=3.0->gradio) (1.3.0)
Requirement already satisfied: idna>=2.8 in /system/conda/miniconda3/envs/cloudspace/lib/python3.10/site-packages (from anyio<5.0,>=3.0->gradio) (3.10)
Requirement already satisfied: sniffio>=1.1 in /system/conda/miniconda3/envs/cloudspace/lib/python3.10/site-packages (from anyio<5.0,>=3.0->gradio) (1.3.1)
Requirement already satisfied: certifi in /system/conda/miniconda3/envs/cloudspace/lib/python3.10/site-packages (from httpx<1.0,>=0.24.1->gradio) (2025.6.15)
Requirement already satisfied: httpcore==1.* in /system/conda/miniconda3/envs/cloudspace/lib/python3.10/site-packages (from httpx<1.0,>=0.24.1->gradio) (1.0.9)
Requirement already satisfied: h11>=0.16 in /system/conda/miniconda3/envs/cloudspace/lib/python3.10/site-packages (from httpcore==1.*->httpx<1.0,>=0.24.1->gradio) (0.16.0)
Requirement already satisfied: python-dateutil>=2.8.2 in /system/conda/miniconda3/envs/cloudspace/lib/python3.10/site-packages (from pandas<3.0,>=1.0->gradio) (2.9.0.post0)
Requirement already satisfied: pytz>=2020.1 in /system/conda/miniconda3/envs/cloudspace/lib/python3.10/site-packages (from pandas<3.0,>=1.0->gradio) (2025.2)
Requirement already satisfied: tzdata>=2022.1 in /system/conda/miniconda3/envs/cloudspace/lib/python3.10/site-packages (from pandas<3.0,>=1.0->gradio) (2025.2)
Requirement already satisfied: annotated-types>=0.6.0 in /system/conda/miniconda3/envs/cloudspace/lib/python3.10/site-packages (from pydantic<2.12,>=2.0->gradio) (0.7.0)
Requirement already satisfied: pydantic-core==2.33.2 in /system/conda/miniconda3/envs/cloudspace/lib/python3.10/site-packages (from pydantic<2.12,>=2.0->gradio) (2.33.2)
Requirement already satisfied: typing-inspection>=0.4.0 in /system/conda/miniconda3/envs/cloudspace/lib/python3.10/site-packages (from pydantic<2.12,>=2.0->gradio) (0.4.1)
Requirement already satisfied: click>=8.0.0 in /system/conda/miniconda3/envs/cloudspace/lib/python3.10/site-packages (from typer<1.0,>=0.12->gradio) (8.2.1)
Requirement already satisfied: shellingham>=1.3.0 in /system/conda/miniconda3/envs/cloudspace/lib/python3.10/site-packages (from typer<1.0,>=0.12->gradio) (1.5.4)
Requirement already satisfied: rich>=10.11.0 in /system/conda/miniconda3/envs/cloudspace/lib/python3.10/site-packages (from typer<1.0,>=0.12->gradio) (14.0.0)
Requirement already satisfied: altair<6,>=4.0 in /system/conda/miniconda3/envs/cloudspace/lib/python3.10/site-packages (from streamlit) (5.5.0)
Requirement already satisfied: blinker<2,>=1.5.0 in /system/conda/miniconda3/envs/cloudspace/lib/python3.10/site-packages (from streamlit) (1.9.0)
Requirement already satisfied: cachetools<7,>=4.0 in /system/conda/miniconda3/envs/cloudspace/lib/python3.10/site-packages (from streamlit) (5.5.2)
Requirement already satisfied: protobuf<7,>=3.20 in /system/conda/miniconda3/envs/cloudspace/lib/python3.10/site-packages (from streamlit) (4.23.4)
Requirement already satisfied: pyarrow>=7.0 in /system/conda/miniconda3/envs/cloudspace/lib/python3.10/site-packages (from streamlit) (20.0.0)
Requirement already satisfied: requests<3,>=2.27 in /system/conda/miniconda3/envs/cloudspace/lib/python3.10/site-packages (from streamlit) (2.32.4)
Requirement already satisfied: tenacity<10,>=8.1.0 in /system/conda/miniconda3/envs/cloudspace/lib/python3.10/site-packages (from streamlit) (9.1.2)
Requirement already satisfied: toml<2,>=0.10.1 in /system/conda/miniconda3/envs/cloudspace/lib/python3.10/site-packages (from streamlit) (0.10.2)
Requirement already satisfied: watchdog<7,>=2.1.5 in /system/conda/miniconda3/envs/cloudspace/lib/python3.10/site-packages (from streamlit) (6.0.0)
Requirement already satisfied: gitpython!=3.1.19,<4,>=3.0.7 in /system/conda/miniconda3/envs/cloudspace/lib/python3.10/site-packages (from streamlit) (3.1.44)
Requirement already satisfied: pydeck<1,>=0.8.0b4 in /system/conda/miniconda3/envs/cloudspace/lib/python3.10/site-packages (from streamlit) (0.9.1)
Requirement already satisfied: tornado!=6.5.0,<7,>=6.0.3 in /system/conda/miniconda3/envs/cloudspace/lib/python3.10/site-packages (from streamlit) (6.5.1)
Requirement already satisfied: jsonschema>=3.0 in /system/conda/miniconda3/envs/cloudspace/lib/python3.10/site-packages (from altair<6,>=4.0->streamlit) (4.24.0)
Requirement already satisfied: narwhals>=1.14.2 in /system/conda/miniconda3/envs/cloudspace/lib/python3.10/site-packages (from altair<6,>=4.0->streamlit) (1.46.0)
Requirement already satisfied: gitdb<5,>=4.0.1 in /system/conda/miniconda3/envs/cloudspace/lib/python3.10/site-packages (from gitpython!=3.1.19,<4,>=3.0.7->streamlit) (4.0.12)
Requirement already satisfied: smmap<6,>=3.0.1 in /system/conda/miniconda3/envs/cloudspace/lib/python3.10/site-packages (from gitdb<5,>=4.0.1->gitpython!=3.1.19,<4,>=3.0.7->streamlit) (5.0.2)
Requirement already satisfied: charset_normalizer<4,>=2 in /system/conda/miniconda3/envs/cloudspace/lib/python3.10/site-packages (from requests<3,>=2.27->streamlit) (3.4.2)
Requirement already satisfied: urllib3<3,>=1.21.1 in /system/conda/miniconda3/envs/cloudspace/lib/python3.10/site-packages (from requests<3,>=2.27->streamlit) (2.5.0)
Requirement already satisfied: filelock in /system/conda/miniconda3/envs/cloudspace/lib/python3.10/site-packages (from huggingface-hub>=0.28.1->gradio) (3.18.0)
Requirement already satisfied: tqdm>=4.42.1 in /system/conda/miniconda3/envs/cloudspace/lib/python3.10/site-packages (from huggingface-hub>=0.28.1->gradio) (4.67.1)
Requirement already satisfied: hf-xet<2.0.0,>=1.1.2 in /system/conda/miniconda3/envs/cloudspace/lib/python3.10/site-packages (from huggingface-hub>=0.28.1->gradio) (1.1.5)
Requirement already satisfied: attrs>=22.2.0 in /system/conda/miniconda3/envs/cloudspace/lib/python3.10/site-packages (from jsonschema>=3.0->altair<6,>=4.0->streamlit) (25.3.0)
Requirement already satisfied: jsonschema-specifications>=2023.03.6 in /system/conda/miniconda3/envs/cloudspace/lib/python3.10/site-packages (from jsonschema>=3.0->altair<6,>=4.0->streamlit) (2025.4.1)
Requirement already satisfied: referencing>=0.28.4 in /system/conda/miniconda3/envs/cloudspace/lib/python3.10/site-packages (from jsonschema>=3.0->altair<6,>=4.0->streamlit) (0.36.2)
Requirement already satisfied: rpds-py>=0.7.1 in /system/conda/miniconda3/envs/cloudspace/lib/python3.10/site-packages (from jsonschema>=3.0->altair<6,>=4.0->streamlit) (0.25.1)
Requirement already satisfied: six>=1.5 in /system/conda/miniconda3/envs/cloudspace/lib/python3.10/site-packages (from python-dateutil>=2.8.2->pandas<3.0,>=1.0->gradio) (1.17.0)
Requirement already satisfied: markdown-it-py>=2.2.0 in /system/conda/miniconda3/envs/cloudspace/lib/python3.10/site-packages (from rich>=10.11.0->typer<1.0,>=0.12->gradio) (3.0.0)
Requirement already satisfied: pygments<3.0.0,>=2.13.0 in /system/conda/miniconda3/envs/cloudspace/lib/python3.10/site-packages (from rich>=10.11.0->typer<1.0,>=0.12->gradio) (2.19.2)
Requirement already satisfied: mdurl~=0.1 in /system/conda/miniconda3/envs/cloudspace/lib/python3.10/site-packages (from markdown-it-py>=2.2.0->rich>=10.11.0->typer<1.0,>=0.12->gradio) (0.1.2)
[1m[3m%[23m[1m[0m                                                                                k~\]7;file://cs-01jzzndzavpfp8y6b7q1w6b3z7/teamspace/studios/this_studio\[0m[23m[24m[J⚡ ~ [K[?1h=[?2004h