[2025-07-13 09:53:22,086: INFO: yaml file: config/config.yaml loaded successfully]
[2025-07-13 09:53:22,089: INFO: yaml file: params.yaml loaded successfully]
[2025-07-13 09:53:22,091: INFO: created directory ad artifacts]
[2025-07-13 09:58:40,363: INFO: yaml file: config/config.yaml loaded successfully]
[2025-07-13 09:58:40,365: INFO: yaml file: params.yaml loaded successfully]
[2025-07-13 09:58:40,366: INFO: created directory ad artifacts]
[2025-07-13 09:58:43,224: INFO: yaml file: config/config.yaml loaded successfully]
[2025-07-13 09:58:43,226: INFO: yaml file: params.yaml loaded successfully]
[2025-07-13 09:58:43,227: INFO: created directory ad artifacts]
[2025-07-13 09:59:52,792: INFO: yaml file: config/config.yaml loaded successfully]
[2025-07-13 09:59:52,794: INFO: yaml file: params.yaml loaded successfully]
[2025-07-13 09:59:52,796: INFO: created directory ad artifacts]
[2025-07-13 10:03:13,143: INFO: yaml file: config/config.yaml loaded successfully]
[2025-07-13 10:03:13,145: INFO: yaml file: params.yaml loaded successfully]
[2025-07-13 10:03:13,146: INFO: created directory ad artifacts]
[2025-07-13 10:15:37,419: INFO: yaml file: /teamspace/studios/this_studio/config/config.yaml loaded successfully]
[2025-07-13 10:16:15,912: INFO: yaml file: /teamspace/studios/this_studio/config/config.yaml loaded successfully]
[2025-07-13 10:16:15,913: INFO: yaml file: /teamspace/studios/this_studio/params.yaml loaded successfully]
[2025-07-13 10:18:44,116: INFO: yaml file: /teamspace/studios/this_studio/config/config.yaml loaded successfully]
[2025-07-13 10:18:44,118: INFO: yaml file: /teamspace/studios/this_studio/params.yaml loaded successfully]
[2025-07-13 10:18:58,857: INFO: yaml file: /teamspace/studios/this_studio/config/config.yaml loaded successfully]
[2025-07-13 10:18:58,859: INFO: yaml file: /teamspace/studios/this_studio/params.yaml loaded successfully]
[2025-07-13 10:20:51,420: INFO: yaml file: /teamspace/studios/this_studio/config/config.yaml loaded successfully]
[2025-07-13 10:20:51,422: INFO: yaml file: /teamspace/studios/this_studio/params.yaml loaded successfully]
[2025-07-13 10:22:40,938: INFO: yaml file: /teamspace/studios/this_studio/config/config.yaml loaded successfully]
[2025-07-13 10:22:40,940: INFO: yaml file: /teamspace/studios/this_studio/params.yaml loaded successfully]
[2025-07-13 10:22:40,942: INFO: created directory ad artifacts]
[2025-07-13 10:22:40,943: INFO: created directory ad artifacts/data_ingestion]
[2025-07-13 10:27:31,464: INFO: yaml file: config/config.yaml loaded successfully]
[2025-07-13 10:27:31,467: INFO: yaml file: params.yaml loaded successfully]
[2025-07-13 10:27:31,468: INFO: created directory ad artifacts]
[2025-07-13 10:27:31,470: INFO: created directory ad artifacts/data_ingestion]
[2025-07-13 10:29:51,188: INFO: yaml file: config/config.yaml loaded successfully]
[2025-07-13 10:29:51,190: INFO: yaml file: params.yaml loaded successfully]
[2025-07-13 10:29:51,191: INFO: created directory ad artifacts]
[2025-07-13 10:29:51,192: INFO: created directory ad artifacts/data_ingestion]
[2025-07-13 10:29:51,891: INFO: artifacts/data_ingestion/data.zip download! with following info: 
Connection: close
Content-Length: 7903594
Cache-Control: max-age=300
Content-Security-Policy: default-src 'none'; style-src 'unsafe-inline'; sandbox
Content-Type: application/zip
ETag: "dbc016a060da18070593b83afff580c9b300f0b6ea4147a7988433e04df246ca"
Strict-Transport-Security: max-age=31536000
X-Content-Type-Options: nosniff
X-Frame-Options: deny
X-XSS-Protection: 1; mode=block
X-GitHub-Request-Id: 311D:2ADAF1:DC2072:124BCF1:68738A9F
Accept-Ranges: bytes
Date: Sun, 13 Jul 2025 10:29:51 GMT
Via: 1.1 varnish
X-Served-By: cache-chi-klot8100168-CHI
X-Cache: MISS
X-Cache-Hits: 0
X-Timer: S1752402592.573335,VS0,VE205
Vary: Authorization,Accept-Encoding
Access-Control-Allow-Origin: *
Cross-Origin-Resource-Policy: cross-origin
X-Fastly-Request-ID: 1228a6ae4fc39214cde1dab2e6bf6ef5cb36fcf0
Expires: Sun, 13 Jul 2025 10:34:51 GMT
Source-Age: 0

]
[2025-07-13 10:48:01,380: INFO: >>>>>> stage Data Ingestion stage started <<<<<<]
[2025-07-13 10:48:01,381: INFO: yaml file: config/config.yaml loaded successfully]
[2025-07-13 10:48:01,382: INFO: yaml file: params.yaml loaded successfully]
[2025-07-13 10:48:01,382: INFO: created directory ad artifacts]
[2025-07-13 10:48:01,382: INFO: created directory ad artifacts/data_ingestion]
[2025-07-13 10:48:01,882: INFO: artifacts/data_ingestion/data.zip download! with following info: 
Connection: close
Content-Length: 7903594
Cache-Control: max-age=300
Content-Security-Policy: default-src 'none'; style-src 'unsafe-inline'; sandbox
Content-Type: application/zip
ETag: "dbc016a060da18070593b83afff580c9b300f0b6ea4147a7988433e04df246ca"
Strict-Transport-Security: max-age=31536000
X-Content-Type-Options: nosniff
X-Frame-Options: deny
X-XSS-Protection: 1; mode=block
X-GitHub-Request-Id: 311D:2ADAF1:DC2072:124BCF1:68738A9F
Accept-Ranges: bytes
Date: Sun, 13 Jul 2025 10:48:01 GMT
Via: 1.1 varnish
X-Served-By: cache-chi-kigq8000131-CHI
X-Cache: HIT
X-Cache-Hits: 0
X-Timer: S1752403682.752145,VS0,VE37
Vary: Authorization,Accept-Encoding
Access-Control-Allow-Origin: *
Cross-Origin-Resource-Policy: cross-origin
X-Fastly-Request-ID: 668b3248341e82c64ca18b3ce4df59cfa1c1af86
Expires: Sun, 13 Jul 2025 10:53:01 GMT
Source-Age: 0

]
[2025-07-13 10:48:02,035: INFO: >>>>>> stage Data Ingestion stage completed <<<<<<

x==========x]
